<?xml version="1.0" encoding="UTF-8"?>
<!-- Generated by org.testng.reporters.JUnitReportReporter -->
<testsuite skipped="0" hostname="LAPTOP-UBA71TAU" name="com.vcentry.lab.testCases.CheckOutPageValidator" tests="10" failures="0" timestamp="02 Aug 2022 18:42:57 GMT" time="37.316" errors="0">
  <testcase name="validateCheckoutPage" time="3.088" classname="com.vcentry.lab.testCases.CheckOutPageValidator"/>
  <testcase name="validateCheckoutPage" time="3.001" classname="com.vcentry.lab.testCases.CheckOutPageValidator"/>
  <testcase name="validateCheckoutPage" time="3.140" classname="com.vcentry.lab.testCases.CheckOutPageValidator"/>
  <testcase name="validateCheckoutPage" time="3.020" classname="com.vcentry.lab.testCases.CheckOutPageValidator"/>
  <testcase name="validateCheckoutPage" time="3.197" classname="com.vcentry.lab.testCases.CheckOutPageValidator"/>
  <testcase name="validateCheckoutPage" time="8.431" classname="com.vcentry.lab.testCases.CheckOutPageValidator"/>
  <testcase name="validateCheckoutPage" time="3.602" classname="com.vcentry.lab.testCases.CheckOutPageValidator"/>
  <testcase name="validateCheckoutPage" time="3.371" classname="com.vcentry.lab.testCases.CheckOutPageValidator"/>
  <testcase name="validateCheckoutPage" time="3.432" classname="com.vcentry.lab.testCases.CheckOutPageValidator"/>
  <testcase name="validateCheckoutPage" time="3.034" classname="com.vcentry.lab.testCases.CheckOutPageValidator"/>
</testsuite> <!-- com.vcentry.lab.testCases.CheckOutPageValidator -->
