<?xml version="1.0" encoding="UTF-8"?>
<!-- Generated by org.testng.reporters.JUnitReportReporter -->
<testsuite skipped="0" hostname="LAPTOP-UBA71TAU" name="com.vcentry.lab.testCases.CheckoutTest" tests="3" failures="0" timestamp="27 Jul 2022 18:36:25 GMT" time="14.760" errors="0">
  <testcase name="validateCheckoutPage" time="6.063" classname="com.vcentry.lab.testCases.CheckoutTest"/>
  <testcase name="validateCheckoutPage" time="4.931" classname="com.vcentry.lab.testCases.CheckoutTest"/>
  <testcase name="validateCheckoutPage" time="3.766" classname="com.vcentry.lab.testCases.CheckoutTest"/>
</testsuite> <!-- com.vcentry.lab.testCases.CheckoutTest -->
